Acquiring state lock. This may take a few moments...
azurerm_resource_group.art_app: Refreshing state... [id=/subscriptions/4366f64f-0965-4607-a045-2f8df2c17ebe/resourceGroups/n-weu-rg-01-a01]
azurerm_static_web_app.art_app: Refreshing state... [id=/subscriptions/4366f64f-0965-4607-a045-2f8df2c17ebe/resourceGroups/n-weu-rg-01-a01/providers/Microsoft.Web/staticSites/n-weu-art-swa-01-a01]

Terraform used the selected providers to generate the following execution
plan. Resource actions are indicated with the following symbols:
  ~ update in-place

Terraform will perform the following actions:

  # azurerm_static_web_app.art_app will be updated in-place
  ~ resource "azurerm_static_web_app" "art_app" {
        id                                 = "/subscriptions/4366f64f-0965-4607-a045-2f8df2c17ebe/resourceGroups/n-weu-rg-01-a01/providers/Microsoft.Web/staticSites/n-weu-art-swa-01-a01"
        name                               = "n-weu-art-swa-01-a01"
      - repository_branch                  = "master" -> null
      - repository_url                     = "https://github.com/gbutun/art-app" -> null
        tags                               = {
            "company"     = "Modern Miras Galerisi"
            "cost_center" = "shared"
            "environment" = "nonprod"
            "managed_by"  = "terraform"
            "owner"       = "platform"
            "product"     = "Art App (nonprod)"
            "region"      = "westeurope"
            "repo"        = "https://github.com/gbutun/art-app"
        }
        # (11 unchanged attributes hidden)
    }

Plan: 0 to add, 1 to change, 0 to destroy.

Changes to Outputs:
  + custom_domain_binding_enabled    = false

─────────────────────────────────────────────────────────────────────────────

Saved the plan to:
/home/ronin/projects/art-app/infra/terraform/nonprod/plans/nonprod-art-a01-20260403T091659Z.tfplan

To perform exactly these actions, run the following command to apply:
    terraform apply "/home/ronin/projects/art-app/infra/terraform/nonprod/plans/nonprod-art-a01-20260403T091659Z.tfplan"
Releasing state lock. This may take a few moments...
