Acquiring state lock. This may take a few moments...
azurerm_static_web_app.art_app: Modifying... [id=/subscriptions/4366f64f-0965-4607-a045-2f8df2c17ebe/resourceGroups/n-weu-rg-01-a01/providers/Microsoft.Web/staticSites/n-weu-art-swa-01-a01]
azurerm_static_web_app.art_app: Still modifying... [id=/subscriptions/4366f64f-0965-4607-a045-...t.Web/staticSites/n-weu-art-swa-01-a01, 00m10s elapsed]
azurerm_static_web_app.art_app: Modifications complete after 18s [id=/subscriptions/4366f64f-0965-4607-a045-2f8df2c17ebe/resourceGroups/n-weu-rg-01-a01/providers/Microsoft.Web/staticSites/n-weu-art-swa-01-a01]
azapi_resource.art_app_custom_domain[0]: Modifying... [id=/subscriptions/4366f64f-0965-4607-a045-2f8df2c17ebe/resourceGroups/n-weu-rg-01-a01/providers/Microsoft.Web/staticSites/n-weu-art-swa-01-a01/customDomains/mmartga.com]
azapi_resource.art_app_custom_domain[0]: Still modifying... [id=/subscriptions/4366f64f-0965-4607-a045-...t-swa-01-a01/customDomains/mmartga.com, 00m10s elapsed]
azapi_resource.art_app_custom_domain[0]: Still modifying... [id=/subscriptions/4366f64f-0965-4607-a045-...t-swa-01-a01/customDomains/mmartga.com, 00m20s elapsed]
azapi_resource.art_app_custom_domain[0]: Still modifying... [id=/subscriptions/4366f64f-0965-4607-a045-...t-swa-01-a01/customDomains/mmartga.com, 00m30s elapsed]
azapi_resource.art_app_custom_domain[0]: Still modifying... [id=/subscriptions/4366f64f-0965-4607-a045-...t-swa-01-a01/customDomains/mmartga.com, 00m40s elapsed]
azapi_resource.art_app_custom_domain[0]: Still modifying... [id=/subscriptions/4366f64f-0965-4607-a045-...t-swa-01-a01/customDomains/mmartga.com, 00m50s elapsed]
azapi_resource.art_app_custom_domain[0]: Still modifying... [id=/subscriptions/4366f64f-0965-4607-a045-...t-swa-01-a01/customDomains/mmartga.com, 01m00s elapsed]
azapi_resource.art_app_custom_domain[0]: Still modifying... [id=/subscriptions/4366f64f-0965-4607-a045-...t-swa-01-a01/customDomains/mmartga.com, 01m10s elapsed]
azapi_resource.art_app_custom_domain[0]: Still modifying... [id=/subscriptions/4366f64f-0965-4607-a045-...t-swa-01-a01/customDomains/mmartga.com, 01m20s elapsed]
azapi_resource.art_app_custom_domain[0]: Still modifying... [id=/subscriptions/4366f64f-0965-4607-a045-...t-swa-01-a01/customDomains/mmartga.com, 01m30s elapsed]
azapi_resource.art_app_custom_domain[0]: Still modifying... [id=/subscriptions/4366f64f-0965-4607-a045-...t-swa-01-a01/customDomains/mmartga.com, 01m40s elapsed]
azapi_resource.art_app_custom_domain[0]: Still modifying... [id=/subscriptions/4366f64f-0965-4607-a045-...t-swa-01-a01/customDomains/mmartga.com, 01m50s elapsed]
azapi_resource.art_app_custom_domain[0]: Still modifying... [id=/subscriptions/4366f64f-0965-4607-a045-...t-swa-01-a01/customDomains/mmartga.com, 02m00s elapsed]
azapi_resource.art_app_custom_domain[0]: Still modifying... [id=/subscriptions/4366f64f-0965-4607-a045-...t-swa-01-a01/customDomains/mmartga.com, 02m10s elapsed]
azapi_resource.art_app_custom_domain[0]: Still modifying... [id=/subscriptions/4366f64f-0965-4607-a045-...t-swa-01-a01/customDomains/mmartga.com, 02m20s elapsed]
azapi_resource.art_app_custom_domain[0]: Still modifying... [id=/subscriptions/4366f64f-0965-4607-a045-...t-swa-01-a01/customDomains/mmartga.com, 02m30s elapsed]
azapi_resource.art_app_custom_domain[0]: Still modifying... [id=/subscriptions/4366f64f-0965-4607-a045-...t-swa-01-a01/customDomains/mmartga.com, 02m40s elapsed]
azapi_resource.art_app_custom_domain[0]: Still modifying... [id=/subscriptions/4366f64f-0965-4607-a045-...t-swa-01-a01/customDomains/mmartga.com, 02m50s elapsed]
azapi_resource.art_app_custom_domain[0]: Still modifying... [id=/subscriptions/4366f64f-0965-4607-a045-...t-swa-01-a01/customDomains/mmartga.com, 03m00s elapsed]
azapi_resource.art_app_custom_domain[0]: Still modifying... [id=/subscriptions/4366f64f-0965-4607-a045-...t-swa-01-a01/customDomains/mmartga.com, 03m10s elapsed]
azapi_resource.art_app_custom_domain[0]: Still modifying... [id=/subscriptions/4366f64f-0965-4607-a045-...t-swa-01-a01/customDomains/mmartga.com, 03m20s elapsed]
azapi_resource.art_app_custom_domain[0]: Still modifying... [id=/subscriptions/4366f64f-0965-4607-a045-...t-swa-01-a01/customDomains/mmartga.com, 03m30s elapsed]
azapi_resource.art_app_custom_domain[0]: Still modifying... [id=/subscriptions/4366f64f-0965-4607-a045-...t-swa-01-a01/customDomains/mmartga.com, 03m40s elapsed]
azapi_resource.art_app_custom_domain[0]: Modifications complete after 3m44s [id=/subscriptions/4366f64f-0965-4607-a045-2f8df2c17ebe/resourceGroups/n-weu-rg-01-a01/providers/Microsoft.Web/staticSites/n-weu-art-swa-01-a01/customDomains/mmartga.com]
Releasing state lock. This may take a few moments...

Apply complete! Resources: 0 added, 2 changed, 0 destroyed.

Outputs:

custom_domain_binding_enabled = true
custom_domain_name = "mmartga.com"
resource_group_name = "n-weu-rg-01-a01"
static_web_app_api_key = <sensitive>
static_web_app_default_host_name = "red-glacier-0d0fc8003.2.azurestaticapps.net"
static_web_app_name = "n-weu-art-swa-01-a01"
