Acquiring state lock. This may take a few moments...
azurerm_storage_account.art_app_assets: Creating...
azurerm_storage_account.art_app_assets: Still creating... [00m10s elapsed]
azurerm_storage_account.art_app_assets: Still creating... [00m20s elapsed]
azurerm_storage_account.art_app_assets: Still creating... [00m30s elapsed]
azurerm_storage_account.art_app_assets: Still creating... [00m40s elapsed]
azurerm_storage_account.art_app_assets: Still creating... [00m50s elapsed]
azurerm_storage_account.art_app_assets: Still creating... [01m00s elapsed]
azurerm_storage_account.art_app_assets: Still creating... [01m10s elapsed]
azurerm_storage_account.art_app_assets: Creation complete after 1m12s [id=/subscriptions/4366f64f-0965-4607-a045-2f8df2c17ebe/resourceGroups/n-weu-rg-01-a01/providers/Microsoft.Storage/storageAccounts/nweuartsa01a01]
azurerm_storage_container.art_app_assets: Creating...
azurerm_storage_container.art_app_assets: Creation complete after 2s [id=/subscriptions/4366f64f-0965-4607-a045-2f8df2c17ebe/resourceGroups/n-weu-rg-01-a01/providers/Microsoft.Storage/storageAccounts/nweuartsa01a01/blobServices/default/containers/artifacts]

Warning: Applied changes may be incomplete

The plan was created with the -target option in effect, so some changes
requested in the configuration may have been ignored and the output values
may not be fully updated. Run the following command to verify that no other
changes are pending:
    terraform plan

Note that the -target option is not suitable for routine use, and is provided
only for exceptional situations such as recovering from errors or mistakes,
or when Terraform specifically suggests to use it as part of an error
message.
Releasing state lock. This may take a few moments...

Apply complete! Resources: 2 added, 0 changed, 0 destroyed.

Outputs:

asset_base_url = "https://nweuartsa01a01.blob.core.windows.net/artifacts"
asset_container_name = "artifacts"
asset_storage_account_name = "nweuartsa01a01"
custom_domain_binding_enabled = true
custom_domain_name = "mmartga.com"
resource_group_name = "n-weu-rg-01-a01"
static_web_app_api_key = <sensitive>
static_web_app_default_host_name = "red-glacier-0d0fc8003.2.azurestaticapps.net"
static_web_app_name = "n-weu-art-swa-01-a01"
